<?xml version="1.0" ?>
<coverage version="7.6.10" timestamp="1743689815933" lines-valid="110" lines-covered="14" line-rate="0.1273" branches-covered="0" branches-valid="0" branch-rate="0" complexity="0">
	<!-- Generated by coverage.py: https://coverage.readthedocs.io/en/7.6.10 -->
	<!-- Based on https://raw.githubusercontent.com/cobertura/web/master/htdocs/xml/coverage-04.dtd -->
	<sources>
		<source>C:\Users\v-harmanpkau\OneDrive - Microsoft\Desktop\github-csa\contentProcessing\content-processing-solution-accelerator\src</source>
	</sources>
	<packages>
		<package name="ContentProcessorAPI.app" line-rate="0.1667" branch-rate="0" complexity="0">
			<classes>
				<class name="__init__.py" filename="ContentProcessorAPI/app/__init__.py" complexity="0" line-rate="1" branch-rate="0">
					<methods/>
					<lines/>
				</class>
				<class name="main.py" filename="ContentProcessorAPI/app/main.py" complexity="0" line-rate="0.1667" branch-rate="0">
					<methods/>
					<lines>
						<line number="4" hits="1"/>
						<line number="6" hits="1"/>
						<line number="8" hits="1"/>
						<line number="10" hits="0"/>
						<line number="12" hits="0"/>
						<line number="15" hits="0"/>
						<line number="16" hits="0"/>
						<line number="23" hits="0"/>
						<line number="24" hits="0"/>
						<line number="26" hits="0"/>
						<line number="27" hits="0"/>
						<line number="30" hits="0"/>
						<line number="31" hits="0"/>
						<line number="33" hits="0"/>
						<line number="34" hits="0"/>
						<line number="35" hits="0"/>
						<line number="36" hits="0"/>
						<line number="37" hits="0"/>
					</lines>
				</class>
			</classes>
		</package>
		<package name="ContentProcessorAPI.app.routers" line-rate="0.09333" branch-rate="0" complexity="0">
			<classes>
				<class name="contentprocessor.py" filename="ContentProcessorAPI/app/routers/contentprocessor.py" complexity="0" line-rate="0.09333" branch-rate="0">
					<methods/>
					<lines>
						<line number="4" hits="1"/>
						<line number="5" hits="1"/>
						<line number="6" hits="1"/>
						<line number="7" hits="1"/>
						<line number="9" hits="1"/>
						<line number="10" hits="1"/>
						<line number="11" hits="1"/>
						<line number="13" hits="0"/>
						<line number="14" hits="0"/>
						<line number="18" hits="0"/>
						<line number="21" hits="0"/>
						<line number="24" hits="0"/>
						<line number="25" hits="0"/>
						<line number="37" hits="0"/>
						<line number="44" hits="0"/>
						<line number="70" hits="0"/>
						<line number="75" hits="0"/>
						<line number="83" hits="0"/>
						<line number="86" hits="0"/>
						<line number="107" hits="0"/>
						<line number="115" hits="0"/>
						<line number="123" hits="0"/>
						<line number="131" hits="0"/>
						<line number="132" hits="0"/>
						<line number="140" hits="0"/>
						<line number="143" hits="0"/>
						<line number="148" hits="0"/>
						<line number="189" hits="0"/>
						<line number="191" hits="0"/>
						<line number="194" hits="0"/>
						<line number="204" hits="0"/>
						<line number="213" hits="0"/>
						<line number="236" hits="0"/>
						<line number="240" hits="0"/>
						<line number="246" hits="0"/>
						<line number="247" hits="0"/>
						<line number="255" hits="0"/>
						<line number="256" hits="0"/>
						<line number="264" hits="0"/>
						<line number="265" hits="0"/>
						<line number="274" hits="0"/>
						<line number="283" hits="0"/>
						<line number="292" hits="0"/>
						<line number="296" hits="0"/>
						<line number="302" hits="0"/>
						<line number="303" hits="0"/>
						<line number="319" hits="0"/>
						<line number="322" hits="0"/>
						<line number="332" hits="0"/>
						<line number="336" hits="0"/>
						<line number="342" hits="0"/>
						<line number="343" hits="0"/>
						<line number="351" hits="0"/>
						<line number="354" hits="0"/>
						<line number="390" hits="0"/>
						<line number="395" hits="0"/>
						<line number="398" hits="0"/>
						<line number="400" hits="0"/>
						<line number="409" hits="0"/>
						<line number="411" hits="0"/>
						<line number="420" hits="0"/>
						<line number="421" hits="0"/>
						<line number="429" hits="0"/>
						<line number="438" hits="0"/>
						<line number="450" hits="0"/>
						<line number="454" hits="0"/>
						<line number="460" hits="0"/>
						<line number="461" hits="0"/>
						<line number="470" hits="0"/>
						<line number="472" hits="0"/>
						<line number="477" hits="0"/>
						<line number="480" hits="0"/>
						<line number="481" hits="0"/>
						<line number="485" hits="0"/>
						<line number="490" hits="0"/>
					</lines>
				</class>
			</classes>
		</package>
		<package name="ContentProcessorAPI.backend-test" line-rate="0.2353" branch-rate="0" complexity="0">
			<classes>
				<class name="test_main.py" filename="ContentProcessorAPI/backend-test/test_main.py" complexity="0" line-rate="0.2353" branch-rate="0">
					<methods/>
					<lines>
						<line number="1" hits="1"/>
						<line number="2" hits="1"/>
						<line number="4" hits="1"/>
						<line number="6" hits="1"/>
						<line number="9" hits="0"/>
						<line number="11" hits="0"/>
						<line number="14" hits="0"/>
						<line number="16" hits="0"/>
						<line number="17" hits="0"/>
						<line number="18" hits="0"/>
						<line number="19" hits="0"/>
						<line number="20" hits="0"/>
						<line number="22" hits="0"/>
						<line number="23" hits="0"/>
						<line number="24" hits="0"/>
						<line number="25" hits="0"/>
						<line number="26" hits="0"/>
					</lines>
				</class>
			</classes>
		</package>
	</packages>
</coverage>
